TN:
SF:src/router.ts
FN:24,(anonymous_0)
FN:40,(anonymous_1)
FNF:2
FNH:2
FNDA:4,(anonymous_0)
FNDA:5,(anonymous_1)
DA:1,2
DA:2,2
DA:3,2
DA:4,2
DA:6,2
DA:8,2
DA:9,2
DA:16,2
DA:24,4
DA:30,2
DA:40,5
DA:48,2
DA:55,2
DA:62,2
LF:14
LH:14
BRF:0
BRH:0
end_of_record
TN:
SF:src/server.ts
FN:6,connectDB
FN:27,(anonymous_2)
FNF:2
FNH:2
FNDA:2,connectDB
FNDA:1,(anonymous_2)
DA:1,2
DA:2,2
DA:3,2
DA:4,2
DA:7,2
DA:8,2
DA:9,1
DA:14,0
DA:19,2
DA:21,2
DA:24,2
DA:26,2
DA:27,2
DA:28,1
DA:31,2
LF:15
LH:14
BRF:0
BRH:0
end_of_record
TN:
SF:src/config/db.ts
FNF:0
FNH:0
DA:1,2
DA:2,2
DA:3,2
DA:6,2
DA:11,2
DA:16,2
DA:18,2
LF:7
LH:7
BRF:0
BRH:0
end_of_record
TN:
SF:src/handlers/products.ts
FN:6,(anonymous_1)
FN:18,(anonymous_2)
FN:31,(anonymous_3)
FN:37,(anonymous_4)
FN:61,(anonymous_5)
FN:77,(anonymous_6)
FNF:6
FNH:6
FNDA:2,(anonymous_1)
FNDA:2,(anonymous_2)
FNDA:1,(anonymous_3)
FNDA:2,(anonymous_4)
FNDA:2,(anonymous_5)
FNDA:2,(anonymous_6)
DA:2,2
DA:6,2
DA:8,2
DA:15,2
DA:18,2
DA:21,2
DA:22,2
DA:24,2
DA:25,1
DA:28,1
DA:31,2
DA:33,1
DA:34,1
DA:37,2
DA:38,2
DA:41,2
DA:42,2
DA:44,2
DA:45,1
DA:47,1
DA:51,1
DA:53,1
DA:57,0
DA:61,2
DA:63,2
DA:64,2
DA:66,2
DA:67,1
DA:71,1
DA:72,1
DA:74,1
DA:77,2
DA:79,2
DA:80,2
DA:82,2
DA:83,1
DA:86,1
DA:87,1
LF:38
LH:37
BRDA:24,0,0,1
BRDA:44,1,0,1
BRDA:66,2,0,1
BRDA:82,3,0,1
BRF:4
BRH:4
end_of_record
TN:
SF:src/middlewares/index.ts
FN:4,(anonymous_0)
FNF:1
FNH:1
FNDA:17,(anonymous_0)
DA:1,2
DA:4,2
DA:5,17
DA:6,17
DA:7,8
DA:10,9
LF:6
LH:6
BRDA:6,0,0,8
BRF:1
BRH:1
end_of_record
TN:
SF:src/models/Products.model.ts
FNF:0
FNH:0
DA:1,2
DA:7,2
DA:11,2
DA:16,2
DA:22,2
DA:25,2
LF:6
LH:6
BRF:0
BRH:0
end_of_record
